TN:
SF:apps\mobile\app\checkout.tsx
FN:19,CheckoutScreen
FN:39,(anonymous_10)
FN:52,(anonymous_11)
FN:58,(anonymous_12)
FN:90,(anonymous_13)
FN:106,(anonymous_14)
FN:110,(anonymous_15)
FN:137,(anonymous_16)
FN:148,(anonymous_17)
FN:159,(anonymous_18)
FN:184,(anonymous_19)
FN:191,(anonymous_20)
FN:199,(anonymous_21)
FN:206,(anonymous_22)
FN:215,(anonymous_23)
FN:222,(anonymous_24)
FN:230,(anonymous_25)
FN:244,(anonymous_26)
FN:269,(anonymous_27)
FN:291,(anonymous_28)
FNF:20
FNH:0
FNDA:0,CheckoutScreen
FNDA:0,(anonymous_10)
FNDA:0,(anonymous_11)
FNDA:0,(anonymous_12)
FNDA:0,(anonymous_13)
FNDA:0,(anonymous_14)
FNDA:0,(anonymous_15)
FNDA:0,(anonymous_16)
FNDA:0,(anonymous_17)
FNDA:0,(anonymous_18)
FNDA:0,(anonymous_19)
FNDA:0,(anonymous_20)
FNDA:0,(anonymous_21)
FNDA:0,(anonymous_22)
FNDA:0,(anonymous_23)
FNDA:0,(anonymous_24)
FNDA:0,(anonymous_25)
FNDA:0,(anonymous_26)
FNDA:0,(anonymous_27)
FNDA:0,(anonymous_28)
DA:1,0
DA:2,0
DA:3,0
DA:4,0
DA:14,0
DA:15,0
DA:16,0
DA:19,0
DA:20,0
DA:21,0
DA:23,0
DA:24,0
DA:25,0
DA:27,0
DA:37,0
DA:39,0
DA:40,0
DA:41,0
DA:42,0
DA:43,0
DA:44,0
DA:46,0
DA:48,0
DA:52,0
DA:53,0
DA:54,0
DA:58,0
DA:59,0
DA:60,0
DA:61,0
DA:63,0
DA:64,0
DA:65,0
DA:67,0
DA:68,0
DA:69,0
DA:71,0
DA:72,0
DA:73,0
DA:75,0
DA:76,0
DA:77,0
DA:79,0
DA:80,0
DA:81,0
DA:83,0
DA:84,0
DA:85,0
DA:87,0
DA:90,0
DA:91,0
DA:93,0
DA:95,0
DA:96,0
DA:98,0
DA:100,0
DA:106,0
DA:110,0
DA:115,0
DA:116,0
DA:118,0
DA:122,0
DA:124,0
DA:125,0
DA:132,0
DA:133,0
DA:137,0
DA:144,0
DA:148,0
DA:160,0
DA:184,0
DA:191,0
DA:199,0
DA:206,0
DA:215,0
DA:222,0
DA:230,0
DA:244,0
DA:269,0
DA:291,0
DA:334,0
LF:81
LH:0
BRDA:40,0,0,0
BRDA:53,1,0,0
BRDA:59,2,0,0
BRDA:63,3,0,0
BRDA:67,4,0,0
BRDA:71,5,0,0
BRDA:75,6,0,0
BRDA:79,7,0,0
BRDA:83,8,0,0
BRDA:91,9,0,0
BRDA:91,10,0,0
BRDA:91,10,1,0
BRDA:93,11,0,0
BRDA:124,12,0,0
BRDA:132,13,0,0
BRDA:242,14,0,0
BRDA:242,14,1,0
BRDA:249,15,0,0
BRDA:249,15,1,0
BRDA:254,16,0,0
BRDA:254,16,1,0
BRDA:259,17,0,0
BRDA:259,17,1,0
BRDA:267,18,0,0
BRDA:267,18,1,0
BRDA:274,19,0,0
BRDA:274,19,1,0
BRDA:279,20,0,0
BRDA:279,20,1,0
BRDA:284,21,0,0
BRDA:284,21,1,0
BRDA:290,22,0,0
BRDA:290,22,1,0
BRDA:296,23,0,0
BRDA:296,23,1,0
BRDA:301,24,0,0
BRDA:301,24,1,0
BRDA:306,25,0,0
BRDA:306,25,1,0
BRDA:316,26,0,0
BRDA:316,26,1,0
BRDA:320,27,0,0
BRDA:320,27,1,0
BRF:43
BRH:0
end_of_record
TN:
SF:apps\mobile\app\orders.tsx
FN:16,OrdersScreen
FN:24,(anonymous_10)
FN:37,(anonymous_11)
FN:43,(anonymous_12)
FN:49,(anonymous_13)
FN:66,(anonymous_14)
FN:83,(anonymous_15)
FN:111,(anonymous_16)
FN:135,(anonymous_17)
FN:160,(anonymous_18)
FN:174,(anonymous_19)
FN:182,(anonymous_20)
FNF:12
FNH:0
FNDA:0,OrdersScreen
FNDA:0,(anonymous_10)
FNDA:0,(anonymous_11)
FNDA:0,(anonymous_12)
FNDA:0,(anonymous_13)
FNDA:0,(anonymous_14)
FNDA:0,(anonymous_15)
FNDA:0,(anonymous_16)
FNDA:0,(anonymous_17)
FNDA:0,(anonymous_18)
FNDA:0,(anonymous_19)
FNDA:0,(anonymous_20)
DA:1,0
DA:2,0
DA:3,0
DA:4,0
DA:12,0
DA:13,0
DA:16,0
DA:17,0
DA:18,0
DA:20,0
DA:21,0
DA:22,0
DA:24,0
DA:25,0
DA:26,0
DA:27,0
DA:28,0
DA:29,0
DA:31,0
DA:33,0
DA:37,0
DA:38,0
DA:39,0
DA:43,0
DA:44,0
DA:45,0
DA:46,0
DA:49,0
DA:50,0
DA:52,0
DA:54,0
DA:56,0
DA:58,0
DA:60,0
DA:62,0
DA:66,0
DA:67,0
DA:69,0
DA:71,0
DA:73,0
DA:75,0
DA:77,0
DA:79,0
DA:83,0
DA:84,0
DA:85,0
DA:87,0
DA:112,0
DA:137,0
DA:148,0
DA:149,0
DA:156,0
DA:160,0
DA:174,0
DA:182,0
DA:193,0
LF:56
LH:0
BRDA:25,0,0,0
BRDA:38,1,0,0
BRDA:50,2,0,0
BRDA:50,2,1,0
BRDA:50,2,2,0
BRDA:50,2,3,0
BRDA:50,2,4,0
BRDA:50,2,5,0
BRDA:67,3,0,0
BRDA:67,3,1,0
BRDA:67,3,2,0
BRDA:67,3,3,0
BRDA:67,3,4,0
BRDA:67,3,5,0
BRDA:119,4,0,0
BRDA:119,4,1,0
BRDA:148,5,0,0
BRDA:167,6,0,0
BRDA:167,6,1,0
BRF:19
BRH:0
end_of_record
TN:
SF:apps\mobile\app\(tabs)\cart.tsx
FN:18,CartScreen
FN:26,(anonymous_10)
FN:39,(anonymous_11)
FN:45,(anonymous_12)
FN:51,(anonymous_13)
FN:61,(anonymous_14)
FN:72,(anonymous_15)
FN:85,(anonymous_16)
FN:108,(anonymous_17)
FN:120,(anonymous_18)
FN:121,(anonymous_19)
FN:124,(anonymous_20)
FN:125,(anonymous_21)
FNF:13
FNH:0
FNDA:0,CartScreen
FNDA:0,(anonymous_10)
FNDA:0,(anonymous_11)
FNDA:0,(anonymous_12)
FNDA:0,(anonymous_13)
FNDA:0,(anonymous_14)
FNDA:0,(anonymous_15)
FNDA:0,(anonymous_16)
FNDA:0,(anonymous_17)
FNDA:0,(anonymous_18)
FNDA:0,(anonymous_19)
FNDA:0,(anonymous_20)
FNDA:0,(anonymous_21)
DA:1,0
DA:2,0
DA:3,0
DA:4,0
DA:13,0
DA:14,0
DA:15,0
DA:18,0
DA:19,0
DA:20,0
DA:22,0
DA:23,0
DA:24,0
DA:26,0
DA:27,0
DA:28,0
DA:29,0
DA:30,0
DA:31,0
DA:33,0
DA:35,0
DA:39,0
DA:40,0
DA:41,0
DA:45,0
DA:46,0
DA:47,0
DA:48,0
DA:51,0
DA:52,0
DA:53,0
DA:54,0
DA:55,0
DA:57,0
DA:61,0
DA:62,0
DA:64,0
DA:73,0
DA:74,0
DA:75,0
DA:77,0
DA:85,0
DA:86,0
DA:87,0
DA:90,0
DA:92,0
DA:93,0
DA:100,0
DA:101,0
DA:108,0
DA:116,0
DA:120,0
DA:122,0
DA:124,0
DA:125,0
DA:147,0
LF:56
LH:0
BRDA:27,0,0,0
BRDA:40,1,0,0
BRDA:52,2,0,0
BRDA:62,3,0,0
BRDA:86,4,0,0
BRDA:92,5,0,0
BRDA:100,6,0,0
BRF:7
BRH:0
end_of_record
TN:
SF:apps\mobile\app\(tabs)\index.tsx
FN:29,HomeScreen
FN:40,(anonymous_10)
FN:55,(anonymous_11)
FN:59,(anonymous_12)
FN:65,(anonymous_13)
FN:69,(anonymous_14)
FN:75,(anonymous_15)
FN:82,(anonymous_16)
FN:86,(anonymous_17)
FN:102,(anonymous_18)
FN:113,(anonymous_19)
FN:117,(anonymous_20)
FN:131,(anonymous_21)
FN:144,(anonymous_22)
FN:146,(anonymous_23)
FN:152,(anonymous_24)
FN:174,(anonymous_25)
FN:193,(anonymous_26)
FN:201,(anonymous_27)
FN:205,(anonymous_28)
FN:206,(anonymous_29)
FN:207,(anonymous_30)
FNF:22
FNH:0
FNDA:0,HomeScreen
FNDA:0,(anonymous_10)
FNDA:0,(anonymous_11)
FNDA:0,(anonymous_12)
FNDA:0,(anonymous_13)
FNDA:0,(anonymous_14)
FNDA:0,(anonymous_15)
FNDA:0,(anonymous_16)
FNDA:0,(anonymous_17)
FNDA:0,(anonymous_18)
FNDA:0,(anonymous_19)
FNDA:0,(anonymous_20)
FNDA:0,(anonymous_21)
FNDA:0,(anonymous_22)
FNDA:0,(anonymous_23)
FNDA:0,(anonymous_24)
FNDA:0,(anonymous_25)
FNDA:0,(anonymous_26)
FNDA:0,(anonymous_27)
FNDA:0,(anonymous_28)
FNDA:0,(anonymous_29)
FNDA:0,(anonymous_30)
DA:1,0
DA:2,0
DA:3,0
DA:4,0
DA:13,0
DA:14,0
DA:15,0
DA:16,0
DA:17,0
DA:18,0
DA:21,0
DA:29,0
DA:30,0
DA:31,0
DA:33,0
DA:34,0
DA:35,0
DA:36,0
DA:37,0
DA:38,0
DA:40,0
DA:41,0
DA:42,0
DA:43,0
DA:46,0
DA:47,0
DA:49,0
DA:51,0
DA:55,0
DA:56,0
DA:57,0
DA:58,0
DA:59,0
DA:61,0
DA:65,0
DA:66,0
DA:69,0
DA:70,0
DA:71,0
DA:75,0
DA:76,0
DA:77,0
DA:78,0
DA:79,0
DA:82,0
DA:83,0
DA:86,0
DA:87,0
DA:88,0
DA:89,0
DA:93,0
DA:94,0
DA:96,0
DA:98,0
DA:102,0
DA:103,0
DA:104,0
DA:105,0
DA:107,0
DA:109,0
DA:113,0
DA:114,0
DA:115,0
DA:116,0
DA:117,0
DA:118,0
DA:119,0
DA:120,0
DA:122,0
DA:124,0
DA:127,0
DA:131,0
DA:132,0
DA:144,0
DA:147,0
DA:152,0
DA:174,0
DA:181,0
DA:182,0
DA:189,0
DA:193,0
DA:202,0
DA:205,0
DA:206,0
DA:207,0
DA:223,0
LF:86
LH:0
BRDA:44,0,0,0
BRDA:44,0,1,0
BRDA:56,1,0,0
BRDA:70,2,0,0
BRDA:78,3,0,0
BRDA:90,4,0,0
BRDA:90,4,1,0
BRDA:91,5,0,0
BRDA:91,5,1,0
BRDA:103,6,0,0
BRDA:114,7,0,0
BRDA:119,8,0,0
BRDA:119,8,1,0
BRDA:150,9,0,0
BRDA:150,9,1,0
BRDA:157,10,0,0
BRDA:157,10,1,0
BRDA:162,11,0,0
BRDA:162,11,1,0
BRDA:174,12,0,0
BRDA:174,12,1,0
BRDA:181,13,0,0
BRDA:181,14,0,0
BRDA:181,14,1,0
BRF:24
BRH:0
end_of_record
TN:
SF:apps\mobile\app\(tabs)\profile.tsx
FN:16,ProfileScreen
FN:27,(anonymous_10)
FN:40,(anonymous_11)
FN:46,(anonymous_12)
FN:55,(anonymous_13)
FN:69,(anonymous_14)
FN:125,(anonymous_15)
FN:136,(anonymous_16)
FN:147,(anonymous_17)
FNF:9
FNH:0
FNDA:0,ProfileScreen
FNDA:0,(anonymous_10)
FNDA:0,(anonymous_11)
FNDA:0,(anonymous_12)
FNDA:0,(anonymous_13)
FNDA:0,(anonymous_14)
FNDA:0,(anonymous_15)
FNDA:0,(anonymous_16)
FNDA:0,(anonymous_17)
DA:1,0
DA:2,0
DA:3,0
DA:4,0
DA:13,0
DA:14,0
DA:16,0
DA:17,0
DA:18,0
DA:20,0
DA:25,0
DA:27,0
DA:28,0
DA:29,0
DA:30,0
DA:31,0
DA:32,0
DA:34,0
DA:36,0
DA:40,0
DA:41,0
DA:42,0
DA:46,0
DA:47,0
DA:56,0
DA:57,0
DA:60,0
DA:61,0
DA:69,0
DA:70,0
DA:73,0
DA:74,0
DA:81,0
DA:125,0
DA:136,0
DA:147,0
DA:174,0
LF:37
LH:0
BRDA:28,0,0,0
BRDA:41,1,0,0
BRDA:73,2,0,0
BRDA:88,3,0,0
BRDA:88,3,1,0
BRF:5
BRH:0
end_of_record
TN:
SF:apps\mobile\app\(tabs)\wishlist.tsx
FN:19,WishlistScreen
FN:27,(anonymous_10)
FN:40,(anonymous_11)
FN:46,(anonymous_12)
FN:52,(anonymous_13)
FN:62,(anonymous_14)
FN:88,(anonymous_15)
FN:100,(anonymous_16)
FN:106,(anonymous_17)
FN:110,(anonymous_18)
FN:111,(anonymous_19)
FN:112,(anonymous_20)
FNF:12
FNH:0
FNDA:0,WishlistScreen
FNDA:0,(anonymous_10)
FNDA:0,(anonymous_11)
FNDA:0,(anonymous_12)
FNDA:0,(anonymous_13)
FNDA:0,(anonymous_14)
FNDA:0,(anonymous_15)
FNDA:0,(anonymous_16)
FNDA:0,(anonymous_17)
FNDA:0,(anonymous_18)
FNDA:0,(anonymous_19)
FNDA:0,(anonymous_20)
DA:1,0
DA:2,0
DA:3,0
DA:4,0
DA:13,0
DA:14,0
DA:15,0
DA:16,0
DA:19,0
DA:20,0
DA:21,0
DA:23,0
DA:24,0
DA:25,0
DA:27,0
DA:28,0
DA:29,0
DA:30,0
DA:31,0
DA:32,0
DA:34,0
DA:36,0
DA:40,0
DA:41,0
DA:42,0
DA:46,0
DA:47,0
DA:48,0
DA:49,0
DA:52,0
DA:53,0
DA:54,0
DA:55,0
DA:56,0
DA:58,0
DA:62,0
DA:63,0
DA:64,0
DA:65,0
DA:66,0
DA:68,0
DA:72,0
DA:73,0
DA:80,0
DA:81,0
DA:88,0
DA:96,0
DA:100,0
DA:107,0
DA:110,0
DA:111,0
DA:112,0
DA:122,0
LF:53
LH:0
BRDA:28,0,0,0
BRDA:41,1,0,0
BRDA:53,2,0,0
BRDA:63,3,0,0
BRDA:72,4,0,0
BRDA:80,5,0,0
BRF:6
BRH:0
end_of_record
TN:
SF:apps\mobile\app\product\[id].tsx
FN:20,ProductDetailScreen
FN:30,(anonymous_10)
FN:42,(anonymous_11)
FN:52,(anonymous_12)
FN:59,(anonymous_13)
FN:64,(anonymous_14)
FN:65,(anonymous_15)
FN:73,(anonymous_16)
FN:84,(anonymous_17)
FN:88,(anonymous_18)
FN:107,(anonymous_19)
FN:118,(anonymous_20)
FN:154,(anonymous_21)
FNF:13
FNH:0
FNDA:0,ProductDetailScreen
FNDA:0,(anonymous_10)
FNDA:0,(anonymous_11)
FNDA:0,(anonymous_12)
FNDA:0,(anonymous_13)
FNDA:0,(anonymous_14)
FNDA:0,(anonymous_15)
FNDA:0,(anonymous_16)
FNDA:0,(anonymous_17)
FNDA:0,(anonymous_18)
FNDA:0,(anonymous_19)
FNDA:0,(anonymous_20)
FNDA:0,(anonymous_21)
DA:1,0
DA:2,0
DA:3,0
DA:4,0
DA:14,0
DA:15,0
DA:16,0
DA:17,0
DA:20,0
DA:21,0
DA:22,0
DA:23,0
DA:25,0
DA:26,0
DA:27,0
DA:28,0
DA:30,0
DA:31,0
DA:32,0
DA:33,0
DA:34,0
DA:36,0
DA:38,0
DA:42,0
DA:43,0
DA:44,0
DA:45,0
DA:46,0
DA:48,0
DA:52,0
DA:53,0
DA:54,0
DA:55,0
DA:59,0
DA:60,0
DA:61,0
DA:62,0
DA:63,0
DA:64,0
DA:65,0
DA:68,0
DA:69,0
DA:73,0
DA:74,0
DA:75,0
DA:76,0
DA:77,0
DA:78,0
DA:80,0
DA:84,0
DA:85,0
DA:88,0
DA:89,0
DA:90,0
DA:94,0
DA:95,0
DA:102,0
DA:103,0
DA:107,0
DA:114,0
DA:118,0
DA:155,0
DA:235,0
LF:63
LH:0
BRDA:43,0,0,0
BRDA:53,1,0,0
BRDA:60,2,0,0
BRDA:60,3,0,0
BRDA:60,3,1,0
BRDA:74,4,0,0
BRDA:74,5,0,0
BRDA:74,5,1,0
BRDA:78,6,0,0
BRDA:78,6,1,0
BRDA:85,7,0,0
BRDA:89,8,0,0
BRDA:89,9,0,0
BRDA:89,9,1,0
BRDA:94,10,0,0
BRDA:102,11,0,0
BRDA:123,12,0,0
BRDA:123,12,1,0
BRDA:125,13,0,0
BRDA:125,13,1,0
BRDA:134,14,0,0
BRDA:134,14,1,0
BRDA:134,14,2,0
BRDA:139,15,0,0
BRDA:139,15,1,0
BRDA:157,16,0,0
BRDA:157,16,1,0
BRDA:196,17,0,0
BRDA:196,17,1,0
BRDA:200,18,0,0
BRDA:200,18,1,0
BRDA:204,19,0,0
BRDA:204,19,1,0
BRDA:212,20,0,0
BRDA:212,20,1,0
BRDA:220,21,0,0
BRDA:220,21,1,0
BRF:37
BRH:0
end_of_record
TN:
SF:apps\mobile\components\CartItem.tsx
FN:12,(anonymous_1)
FN:15,(anonymous_2)
FN:21,(anonymous_3)
FNF:3
FNH:0
FNDA:0,(anonymous_1)
FNDA:0,(anonymous_2)
FNDA:0,(anonymous_3)
DA:1,0
DA:2,0
DA:3,0
DA:12,0
DA:13,0
DA:15,0
DA:16,0
DA:17,0
DA:21,0
DA:22,0
DA:23,0
DA:27,0
DA:85,0
LF:13
LH:0
BRDA:16,0,0,0
BRDA:22,1,0,0
BRDA:50,2,0,0
BRDA:50,2,1,0
BRDA:53,3,0,0
BRDA:53,3,1,0
BRDA:62,4,0,0
BRDA:62,4,1,0
BRDA:69,5,0,0
BRDA:69,5,1,0
BRDA:77,6,0,0
BRDA:77,6,1,0
BRF:12
BRH:0
end_of_record
TN:
SF:apps\mobile\components\ExternalLink.tsx
FN:6,ExternalLink
FN:14,(anonymous_11)
FNF:2
FNH:0
FNDA:0,ExternalLink
FNDA:0,(anonymous_11)
DA:1,0
DA:2,0
DA:3,0
DA:4,0
DA:6,0
DA:9,0
DA:15,0
DA:16,0
DA:17,0
LF:9
LH:0
BRDA:15,0,0,0
BRF:1
BRH:0
end_of_record
TN:
SF:apps\mobile\components\ProductCard.tsx
FN:14,(anonymous_1)
FN:38,(anonymous_2)
FN:69,(anonymous_3)
FNF:3
FNH:0
FNDA:0,(anonymous_1)
FNDA:0,(anonymous_2)
FNDA:0,(anonymous_3)
DA:1,0
DA:2,0
DA:3,0
DA:14,0
DA:21,0
DA:39,0
DA:40,0
DA:70,0
DA:71,0
DA:83,0
LF:10
LH:0
BRDA:19,0,0,0
BRDA:25,1,0,0
BRDA:25,1,1,0
BRDA:25,1,2,0
BRDA:30,2,0,0
BRDA:30,2,1,0
BRDA:35,3,0,0
BRDA:35,3,1,0
BRDA:44,4,0,0
BRDA:44,4,1,0
BRDA:46,5,0,0
BRDA:46,5,1,0
BRDA:66,6,0,0
BRDA:66,6,1,0
BRDA:66,6,2,0
BRF:15
BRH:0
end_of_record
TN:
SF:apps\mobile\components\SearchBar.tsx
FN:12,(anonymous_1)
FN:18,(anonymous_2)
FNF:2
FNH:0
FNDA:0,(anonymous_1)
FNDA:0,(anonymous_2)
DA:1,0
DA:2,0
DA:3,0
DA:12,0
DA:18,0
DA:19,0
DA:22,0
DA:45,0
LF:8
LH:0
BRDA:16,0,0,0
BRDA:35,1,0,0
BRDA:35,1,1,0
BRF:3
BRH:0
end_of_record
TN:
SF:apps\mobile\components\useClientOnlyValue.ts
FN:2,useClientOnlyValue
FNF:1
FNH:0
FNDA:0,useClientOnlyValue
DA:2,0
DA:3,0
LF:2
LH:0
BRF:0
BRH:0
end_of_record
TN:
SF:apps\mobile\components\useClientOnlyValue.web.ts
FN:5,useClientOnlyValue
FN:7,(anonymous_2)
FNF:2
FNH:0
FNDA:0,useClientOnlyValue
FNDA:0,(anonymous_2)
DA:1,0
DA:5,0
DA:6,0
DA:7,0
DA:8,0
DA:11,0
LF:6
LH:0
BRF:0
BRH:0
end_of_record
TN:
SF:apps\mobile\components\useColorScheme.ts
FN:3,(anonymous_0)
FNF:1
FNH:0
FNDA:0,(anonymous_0)
DA:1,0
DA:3,0
DA:4,0
DA:5,0
LF:4
LH:0
BRDA:5,0,0,0
BRDA:5,0,1,0
BRF:2
BRH:0
end_of_record
TN:
SF:apps\mobile\components\useColorScheme.web.ts
FN:6,useColorScheme
FNF:1
FNH:0
FNDA:0,useColorScheme
DA:6,0
DA:7,0
LF:2
LH:0
BRF:0
BRH:0
end_of_record
TN:
SF:apps\mobile\services\cart.ts
FN:19,(anonymous_0)
FN:25,(anonymous_1)
FN:45,(anonymous_2)
FN:55,(anonymous_3)
FN:86,(anonymous_4)
FN:108,(anonymous_5)
FN:121,(anonymous_6)
FN:126,(anonymous_7)
FN:137,(anonymous_8)
FN:142,(anonymous_9)
FN:154,(anonymous_10)
FN:155,(anonymous_11)
FNF:12
FNH:5
FNDA:0,(anonymous_0)
FNDA:0,(anonymous_1)
FNDA:0,(anonymous_2)
FNDA:2,(anonymous_3)
FNDA:1,(anonymous_4)
FNDA:1,(anonymous_5)
FNDA:0,(anonymous_6)
FNDA:0,(anonymous_7)
FNDA:0,(anonymous_8)
FNDA:0,(anonymous_9)
FNDA:3,(anonymous_10)
FNDA:3,(anonymous_11)
DA:1,1
DA:13,1
DA:14,1
DA:19,1
DA:20,0
DA:21,0
DA:22,0
DA:24,0
DA:26,0
DA:27,0
DA:29,0
DA:31,0
DA:32,0
DA:35,0
DA:45,0
DA:47,0
DA:48,0
DA:55,1
DA:60,2
DA:61,2
DA:62,2
DA:64,2
DA:66,1
DA:71,1
DA:78,0
DA:79,0
DA:86,1
DA:91,1
DA:92,1
DA:93,0
DA:94,0
DA:97,1
DA:98,1
DA:100,0
DA:101,0
DA:108,1
DA:109,1
DA:110,1
DA:111,1
DA:113,0
DA:114,0
DA:121,1
DA:122,0
DA:123,0
DA:124,0
DA:126,0
DA:127,0
DA:129,0
DA:130,0
DA:137,1
DA:138,0
DA:139,0
DA:140,0
DA:142,0
DA:143,0
DA:146,0
DA:147,0
DA:154,1
DA:155,3
DA:156,3
LF:60
LH:25
BRDA:29,0,0,0
BRDA:40,1,0,0
BRDA:40,1,1,0
BRDA:58,2,0,0
BRDA:64,3,0,1
BRDA:64,3,1,1
BRDA:92,4,0,0
BRDA:143,5,0,0
BRDA:143,5,1,0
BRF:9
BRH:2
end_of_record
TN:
SF:apps\mobile\services\firebaseConfig.ts
FNF:0
FNH:0
DA:1,0
DA:2,0
DA:8,0
DA:9,0
DA:11,0
DA:21,0
DA:23,0
DA:27,0
DA:32,0
DA:34,0
LF:10
LH:0
BRDA:23,0,0,0
BRDA:23,0,1,0
BRF:2
BRH:0
end_of_record
TN:
SF:apps\mobile\services\orders.ts
FN:18,(anonymous_0)
FN:26,(anonymous_1)
FN:31,(anonymous_2)
FN:72,(anonymous_3)
FN:78,(anonymous_4)
FN:93,(anonymous_5)
FN:113,(anonymous_6)
FN:125,(anonymous_7)
FN:137,(anonymous_8)
FN:138,(anonymous_9)
FNF:10
FNH:8
FNDA:1,(anonymous_0)
FNDA:1,(anonymous_1)
FNDA:1,(anonymous_2)
FNDA:2,(anonymous_3)
FNDA:3,(anonymous_4)
FNDA:0,(anonymous_5)
FNDA:0,(anonymous_6)
FNDA:2,(anonymous_7)
FNDA:3,(anonymous_8)
FNDA:3,(anonymous_9)
DA:1,1
DA:12,1
DA:13,1
DA:18,1
DA:24,1
DA:26,1
DA:27,1
DA:31,1
DA:40,1
DA:41,1
DA:43,1
DA:53,1
DA:60,1
DA:62,1
DA:64,0
DA:65,0
DA:72,1
DA:73,2
DA:74,2
DA:75,2
DA:76,2
DA:78,3
DA:85,0
DA:86,0
DA:93,1
DA:98,0
DA:99,0
DA:100,0
DA:105,0
DA:106,0
DA:113,1
DA:114,0
DA:115,0
DA:117,0
DA:118,0
DA:125,1
DA:132,2
DA:133,2
DA:135,2
DA:137,3
DA:138,3
DA:141,0
DA:142,0
LF:43
LH:28
BRDA:81,0,0,3
BRDA:81,0,1,0
BRDA:82,1,0,3
BRDA:82,1,1,0
BRDA:138,2,0,3
BRDA:138,2,1,1
BRF:6
BRH:4
end_of_record
TN:
SF:apps\mobile\services\products.ts
FN:20,(anonymous_0)
FN:62,(anonymous_1)
FN:71,(anonymous_2)
FN:88,(anonymous_3)
FN:110,(anonymous_4)
FN:120,(anonymous_5)
FN:133,(anonymous_6)
FN:147,(anonymous_7)
FNF:8
FNH:3
FNDA:2,(anonymous_0)
FNDA:1,(anonymous_1)
FNDA:0,(anonymous_2)
FNDA:2,(anonymous_3)
FNDA:0,(anonymous_4)
FNDA:0,(anonymous_5)
FNDA:0,(anonymous_6)
FNDA:0,(anonymous_7)
DA:1,1
DA:13,1
DA:15,1
DA:20,1
DA:21,2
DA:22,2
DA:25,2
DA:26,1
DA:29,2
DA:30,0
DA:33,2
DA:34,0
DA:37,2
DA:38,0
DA:42,2
DA:43,0
DA:45,0
DA:46,0
DA:48,0
DA:49,0
DA:51,0
DA:52,0
DA:54,0
DA:55,0
DA:59,2
DA:60,2
DA:62,2
DA:68,2
DA:69,0
DA:70,0
DA:72,0
DA:78,2
DA:80,0
DA:81,0
DA:88,1
DA:89,2
DA:90,2
DA:91,2
DA:93,2
DA:94,1
DA:100,1
DA:102,0
DA:103,0
DA:110,1
DA:111,0
DA:112,0
DA:119,0
DA:120,0
DA:125,0
DA:126,0
DA:133,1
DA:137,0
DA:138,0
DA:140,0
DA:141,0
DA:144,0
DA:145,0
DA:147,0
DA:152,0
DA:153,0
LF:60
LH:26
BRDA:25,0,0,1
BRDA:29,1,0,0
BRDA:33,2,0,0
BRDA:37,3,0,0
BRDA:42,4,0,0
BRDA:43,5,0,0
BRDA:43,5,1,0
BRDA:43,5,2,0
BRDA:43,5,3,0
BRDA:68,6,0,0
BRDA:72,7,0,0
BRDA:72,7,1,0
BRDA:72,7,2,0
BRDA:93,8,0,1
BRDA:110,9,0,0
BRDA:140,10,0,0
BRF:16
BRH:2
end_of_record
TN:
SF:apps\mobile\services\wishlist.ts
FN:17,(anonymous_0)
FN:23,(anonymous_1)
FN:42,(anonymous_2)
FN:52,(anonymous_3)
FN:68,(anonymous_4)
FN:81,(anonymous_5)
FN:95,(anonymous_6)
FNF:7
FNH:0
FNDA:0,(anonymous_0)
FNDA:0,(anonymous_1)
FNDA:0,(anonymous_2)
FNDA:0,(anonymous_3)
FNDA:0,(anonymous_4)
FNDA:0,(anonymous_5)
FNDA:0,(anonymous_6)
DA:1,0
DA:11,0
DA:12,0
DA:17,0
DA:18,0
DA:19,0
DA:20,0
DA:22,0
DA:24,0
DA:25,0
DA:27,0
DA:29,0
DA:30,0
DA:33,0
DA:42,0
DA:44,0
DA:45,0
DA:52,0
DA:53,0
DA:54,0
DA:55,0
DA:60,0
DA:61,0
DA:68,0
DA:69,0
DA:70,0
DA:71,0
DA:73,0
DA:74,0
DA:81,0
DA:82,0
DA:83,0
DA:84,0
DA:85,0
DA:87,0
DA:88,0
DA:95,0
DA:96,0
DA:97,0
DA:99,0
DA:100,0
DA:101,0
DA:103,0
DA:104,0
DA:107,0
DA:108,0
LF:46
LH:0
BRDA:27,0,0,0
BRDA:37,1,0,0
BRDA:37,1,1,0
BRDA:99,2,0,0
BRDA:99,2,1,0
BRF:5
BRH:0
end_of_record
