TN:
SF:apps\mobile\services\cart.ts
FN:19,(anonymous_0)
FN:25,(anonymous_1)
FN:45,(anonymous_2)
FN:55,(anonymous_3)
FN:86,(anonymous_4)
FN:108,(anonymous_5)
FN:121,(anonymous_6)
FN:126,(anonymous_7)
FN:137,(anonymous_8)
FN:142,(anonymous_9)
FN:154,(anonymous_10)
FN:155,(anonymous_11)
FNF:12
FNH:10
FNDA:3,(anonymous_0)
FNDA:1,(anonymous_1)
FNDA:1,(anonymous_2)
FNDA:3,(anonymous_3)
FNDA:2,(anonymous_4)
FNDA:2,(anonymous_5)
FNDA:1,(anonymous_6)
FNDA:2,(anonymous_7)
FNDA:0,(anonymous_8)
FNDA:0,(anonymous_9)
FNDA:3,(anonymous_10)
FNDA:3,(anonymous_11)
DA:1,1
DA:13,1
DA:14,1
DA:19,1
DA:20,3
DA:21,3
DA:22,3
DA:24,2
DA:26,1
DA:27,1
DA:29,1
DA:31,0
DA:32,0
DA:35,1
DA:45,2
DA:47,1
DA:48,1
DA:55,1
DA:60,3
DA:61,3
DA:62,3
DA:64,2
DA:66,1
DA:71,1
DA:78,1
DA:79,1
DA:86,1
DA:91,2
DA:92,2
DA:93,1
DA:94,1
DA:97,1
DA:98,1
DA:100,0
DA:101,0
DA:108,1
DA:109,2
DA:110,2
DA:111,2
DA:113,0
DA:114,0
DA:121,1
DA:122,1
DA:123,1
DA:124,1
DA:126,2
DA:127,1
DA:129,0
DA:130,0
DA:137,1
DA:138,0
DA:139,0
DA:140,0
DA:142,0
DA:143,0
DA:146,0
DA:147,0
DA:154,1
DA:155,3
DA:156,3
LF:60
LH:45
BRDA:29,0,0,0
BRDA:40,1,0,1
BRDA:40,1,1,0
BRDA:58,2,0,0
BRDA:64,3,0,1
BRDA:64,3,1,1
BRDA:92,4,0,1
BRDA:143,5,0,0
BRDA:143,5,1,0
BRF:9
BRH:4
end_of_record
TN:
SF:apps\mobile\services\orders.ts
FN:18,(anonymous_0)
FN:26,(anonymous_1)
FN:31,(anonymous_2)
FN:72,(anonymous_3)
FN:78,(anonymous_4)
FN:93,(anonymous_5)
FN:113,(anonymous_6)
FN:125,(anonymous_7)
FN:137,(anonymous_8)
FN:138,(anonymous_9)
FNF:10
FNH:8
FNDA:2,(anonymous_0)
FNDA:2,(anonymous_1)
FNDA:2,(anonymous_2)
FNDA:2,(anonymous_3)
FNDA:3,(anonymous_4)
FNDA:0,(anonymous_5)
FNDA:0,(anonymous_6)
FNDA:2,(anonymous_7)
FNDA:3,(anonymous_8)
FNDA:3,(anonymous_9)
DA:1,1
DA:12,1
DA:13,1
DA:18,1
DA:24,2
DA:26,2
DA:27,2
DA:31,2
DA:40,2
DA:41,2
DA:43,2
DA:53,2
DA:60,1
DA:62,1
DA:64,1
DA:65,1
DA:72,1
DA:73,2
DA:74,2
DA:75,2
DA:76,2
DA:78,3
DA:85,0
DA:86,0
DA:93,1
DA:98,0
DA:99,0
DA:100,0
DA:105,0
DA:106,0
DA:113,1
DA:114,0
DA:115,0
DA:117,0
DA:118,0
DA:125,1
DA:132,2
DA:133,2
DA:135,2
DA:137,3
DA:138,3
DA:141,0
DA:142,0
LF:43
LH:30
BRDA:81,0,0,3
BRDA:81,0,1,0
BRDA:82,1,0,3
BRDA:82,1,1,0
BRDA:138,2,0,3
BRDA:138,2,1,1
BRF:6
BRH:4
end_of_record
TN:
SF:apps\mobile\services\products.ts
FN:20,(anonymous_0)
FN:62,(anonymous_1)
FN:71,(anonymous_2)
FN:88,(anonymous_3)
FN:110,(anonymous_4)
FN:120,(anonymous_5)
FN:133,(anonymous_6)
FN:147,(anonymous_7)
FNF:8
FNH:8
FNDA:12,(anonymous_0)
FNDA:5,(anonymous_1)
FNDA:4,(anonymous_2)
FNDA:3,(anonymous_3)
FNDA:2,(anonymous_4)
FNDA:1,(anonymous_5)
FNDA:3,(anonymous_6)
FNDA:1,(anonymous_7)
DA:1,1
DA:13,1
DA:15,1
DA:20,1
DA:21,12
DA:22,12
DA:25,12
DA:26,1
DA:29,12
DA:30,1
DA:33,12
DA:34,1
DA:37,12
DA:38,1
DA:42,12
DA:43,4
DA:45,1
DA:46,1
DA:48,1
DA:49,1
DA:51,1
DA:52,1
DA:54,1
DA:55,1
DA:59,12
DA:60,12
DA:62,11
DA:68,11
DA:69,2
DA:70,2
DA:72,4
DA:78,11
DA:80,1
DA:81,1
DA:88,1
DA:89,3
DA:90,3
DA:91,3
DA:93,2
DA:94,1
DA:100,1
DA:102,1
DA:103,1
DA:110,1
DA:111,2
DA:112,2
DA:119,2
DA:120,1
DA:125,1
DA:126,1
DA:133,1
DA:137,3
DA:138,3
DA:140,3
DA:141,1
DA:144,3
DA:145,3
DA:147,2
DA:152,1
DA:153,1
LF:60
LH:60
BRDA:25,0,0,1
BRDA:29,1,0,1
BRDA:33,2,0,1
BRDA:37,3,0,1
BRDA:42,4,0,4
BRDA:43,5,0,1
BRDA:43,5,1,1
BRDA:43,5,2,1
BRDA:43,5,3,1
BRDA:68,6,0,2
BRDA:72,7,0,4
BRDA:72,7,1,3
BRDA:72,7,2,2
BRDA:93,8,0,1
BRDA:110,9,0,0
BRDA:140,10,0,1
BRF:16
BRH:15
end_of_record
TN:
SF:apps\mobile\services\wishlist.ts
FN:17,(anonymous_0)
FN:23,(anonymous_1)
FN:42,(anonymous_2)
FN:52,(anonymous_3)
FN:68,(anonymous_4)
FN:81,(anonymous_5)
FN:95,(anonymous_6)
FNF:7
FNH:7
FNDA:3,(anonymous_0)
FNDA:1,(anonymous_1)
FNDA:1,(anonymous_2)
FNDA:3,(anonymous_3)
FNDA:3,(anonymous_4)
FNDA:5,(anonymous_5)
FNDA:2,(anonymous_6)
DA:1,1
DA:11,1
DA:12,1
DA:17,1
DA:18,3
DA:19,3
DA:20,3
DA:22,2
DA:24,1
DA:25,1
DA:27,1
DA:29,0
DA:30,0
DA:33,1
DA:42,2
DA:44,1
DA:45,1
DA:52,1
DA:53,3
DA:54,3
DA:55,3
DA:60,1
DA:61,1
DA:68,1
DA:69,3
DA:70,3
DA:71,3
DA:73,1
DA:74,1
DA:81,1
DA:82,5
DA:83,5
DA:84,5
DA:85,4
DA:87,1
DA:88,1
DA:95,1
DA:96,2
DA:97,2
DA:99,2
DA:100,1
DA:101,1
DA:103,1
DA:104,1
DA:107,0
DA:108,0
LF:46
LH:42
BRDA:27,0,0,0
BRDA:37,1,0,1
BRDA:37,1,1,0
BRDA:99,2,0,1
BRDA:99,2,1,1
BRF:5
BRH:3
end_of_record
